app/build/intermediates/manifest_merge_blame_file/debug/processDebugMainManifest/manifest-merger-blame-debug-report.txt
1<?xml version="1.0" encoding="utf-8"?>
2<manifest xmlns:android="http://schemas.android.com/apk/res/android"
3    package="com.padcoder.app.debug"
4    android:versionCode="1"
5    android:versionName="1.0.0" >
6
7    <uses-sdk
8        android:minSdkVersion="26"
9        android:targetSdkVersion="36" />
10
11    <!-- ===== 网络权限 ===== -->
12    <uses-permission android:name="android.permission.INTERNET" />
12-->src/main/AndroidManifest.xml:6:5-67
12-->src/main/AndroidManifest.xml:6:22-64
13    <uses-permission android:name="android.permission.ACCESS_NETWORK_STATE" />
13-->src/main/AndroidManifest.xml:7:5-79
13-->src/main/AndroidManifest.xml:7:22-76
14
15    <!-- ===== 存储权限 ===== -->
16    <uses-permission
16-->src/main/AndroidManifest.xml:10:5-11:38
17        android:name="android.permission.READ_EXTERNAL_STORAGE"
17-->src/main/AndroidManifest.xml:10:22-77
18        android:maxSdkVersion="32" />
18-->src/main/AndroidManifest.xml:11:9-35
19    <uses-permission
19-->src/main/AndroidManifest.xml:12:5-13:38
20        android:name="android.permission.WRITE_EXTERNAL_STORAGE"
20-->src/main/AndroidManifest.xml:12:22-78
21        android:maxSdkVersion="29" />
21-->src/main/AndroidManifest.xml:13:9-35
22    <uses-permission android:name="android.permission.MANAGE_EXTERNAL_STORAGE" />
22-->src/main/AndroidManifest.xml:14:5-15:40
22-->src/main/AndroidManifest.xml:14:22-79
23
24    <!-- ===== 前台服务权限 ===== -->
25    <uses-permission android:name="android.permission.FOREGROUND_SERVICE" />
25-->src/main/AndroidManifest.xml:18:5-77
25-->src/main/AndroidManifest.xml:18:22-74
26    <uses-permission android:name="android.permission.FOREGROUND_SERVICE_SPECIAL_USE" />
26-->src/main/AndroidManifest.xml:19:5-89
26-->src/main/AndroidManifest.xml:19:22-86
27    <uses-permission android:name="android.permission.FOREGROUND_SERVICE_DATA_SYNC" />
27-->src/main/AndroidManifest.xml:20:5-87
27-->src/main/AndroidManifest.xml:20:22-84
28
29    <!-- ===== 唤醒锁 ===== -->
30    <uses-permission android:name="android.permission.WAKE_LOCK" />
30-->src/main/AndroidManifest.xml:23:5-68
30-->src/main/AndroidManifest.xml:23:22-65
31
32    <!-- ===== 查询其他包信息 (Android 11+) ===== -->
33    <queries>
33-->src/main/AndroidManifest.xml:26:5-30:15
34        <package android:name="com.termux" />
34-->src/main/AndroidManifest.xml:27:9-46
34-->src/main/AndroidManifest.xml:27:18-43
35        <package android:name="com.termux.tasker" />
35-->src/main/AndroidManifest.xml:28:9-53
35-->src/main/AndroidManifest.xml:28:18-50
36        <package android:name="com.termux.api" />
36-->src/main/AndroidManifest.xml:29:9-50
36-->src/main/AndroidManifest.xml:29:18-47
37    </queries>
38
39    <permission
39-->[androidx.core:core:1.16.0] AndroidManifest.xml:22:5-24:47
40        android:name="com.padcoder.app.debug.DYNAMIC_RECEIVER_NOT_EXPORTED_PERMISSION"
40-->[androidx.core:core:1.16.0] AndroidManifest.xml:23:9-81
41        android:protectionLevel="signature" />
41-->[androidx.core:core:1.16.0] AndroidManifest.xml:24:9-44
42
43    <uses-permission android:name="com.padcoder.app.debug.DYNAMIC_RECEIVER_NOT_EXPORTED_PERMISSION" />
43-->[androidx.core:core:1.16.0] AndroidManifest.xml:26:5-97
43-->[androidx.core:core:1.16.0] AndroidManifest.xml:26:22-94
44
45    <application
45-->src/main/AndroidManifest.xml:32:5-57:19
46        android:name="com.padcoder.app.PadCoderApplication"
46-->src/main/AndroidManifest.xml:33:9-44
47        android:allowBackup="false"
47-->src/main/AndroidManifest.xml:34:9-36
48        android:appComponentFactory="androidx.core.app.CoreComponentFactory"
48-->[androidx.core:core:1.16.0] AndroidManifest.xml:28:18-86
49        android:debuggable="true"
50        android:extractNativeLibs="true"
51        android:label="PadCoder"
51-->src/main/AndroidManifest.xml:35:9-33
52        android:networkSecurityConfig="@xml/network_security_config"
52-->src/main/AndroidManifest.xml:38:9-69
53        android:supportsRtl="true"
53-->src/main/AndroidManifest.xml:36:9-35
54        android:theme="@style/Theme.PadCoder" >
54-->src/main/AndroidManifest.xml:37:9-46
55        <activity
55-->src/main/AndroidManifest.xml:40:9-50:20
56            android:name="com.padcoder.app.ui.MainActivity"
56-->src/main/AndroidManifest.xml:41:13-44
57            android:configChanges="orientation|screenSize|screenLayout|keyboard|keyboardHidden"
57-->src/main/AndroidManifest.xml:43:13-96
58            android:exported="true"
58-->src/main/AndroidManifest.xml:42:13-36
59            android:launchMode="singleTask"
59-->src/main/AndroidManifest.xml:45:13-44
60            android:windowSoftInputMode="adjustResize" >
60-->src/main/AndroidManifest.xml:44:13-55
61            <intent-filter>
61-->src/main/AndroidManifest.xml:46:13-49:29
62                <action android:name="android.intent.action.MAIN" />
62-->src/main/AndroidManifest.xml:47:17-69
62-->src/main/AndroidManifest.xml:47:25-66
63
64                <category android:name="android.intent.category.LAUNCHER" />
64-->src/main/AndroidManifest.xml:48:17-77
64-->src/main/AndroidManifest.xml:48:27-74
65            </intent-filter>
66        </activity>
67
68        <service
68-->src/main/AndroidManifest.xml:52:9-55:40
69            android:name="com.padcoder.app.service.CodeServerDaemonService"
69-->src/main/AndroidManifest.xml:53:13-60
70            android:exported="false"
70-->src/main/AndroidManifest.xml:55:13-37
71            android:foregroundServiceType="dataSync" />
71-->src/main/AndroidManifest.xml:54:13-53
72
73        <provider
73-->[androidx.emoji2:emoji2:1.3.0] AndroidManifest.xml:24:9-32:20
74            android:name="androidx.startup.InitializationProvider"
74-->[androidx.emoji2:emoji2:1.3.0] AndroidManifest.xml:25:13-67
75            android:authorities="com.padcoder.app.debug.androidx-startup"
75-->[androidx.emoji2:emoji2:1.3.0] AndroidManifest.xml:26:13-68
76            android:exported="false" >
76-->[androidx.emoji2:emoji2:1.3.0] AndroidManifest.xml:27:13-37
77            <meta-data
77-->[androidx.emoji2:emoji2:1.3.0] AndroidManifest.xml:29:13-31:52
78                android:name="androidx.emoji2.text.EmojiCompatInitializer"
78-->[androidx.emoji2:emoji2:1.3.0] AndroidManifest.xml:30:17-75
79                android:value="androidx.startup" />
79-->[androidx.emoji2:emoji2:1.3.0] AndroidManifest.xml:31:17-49
80            <meta-data
80-->[androidx.lifecycle:lifecycle-process:2.9.0] AndroidManifest.xml:29:13-31:52
81                android:name="androidx.lifecycle.ProcessLifecycleInitializer"
81-->[androidx.lifecycle:lifecycle-process:2.9.0] AndroidManifest.xml:30:17-78
82                android:value="androidx.startup" />
82-->[androidx.lifecycle:lifecycle-process:2.9.0] AndroidManifest.xml:31:17-49
83            <meta-data
83-->[androidx.profileinstaller:profileinstaller:1.4.0] AndroidManifest.xml:29:13-31:52
84                android:name="androidx.profileinstaller.ProfileInstallerInitializer"
84-->[androidx.profileinstaller:profileinstaller:1.4.0] AndroidManifest.xml:30:17-85
85                android:value="androidx.startup" />
85-->[androidx.profileinstaller:profileinstaller:1.4.0] AndroidManifest.xml:31:17-49
86        </provider>
87
88        <receiver
88-->[androidx.profileinstaller:profileinstaller:1.4.0] AndroidManifest.xml:34:9-52:20
89            android:name="androidx.profileinstaller.ProfileInstallReceiver"
89-->[androidx.profileinstaller:profileinstaller:1.4.0] AndroidManifest.xml:35:13-76
90            android:directBootAware="false"
90-->[androidx.profileinstaller:profileinstaller:1.4.0] AndroidManifest.xml:36:13-44
91            android:enabled="true"
91-->[androidx.profileinstaller:profileinstaller:1.4.0] AndroidManifest.xml:37:13-35
92            android:exported="true"
92-->[androidx.profileinstaller:profileinstaller:1.4.0] AndroidManifest.xml:38:13-36
93            android:permission="android.permission.DUMP" >
93-->[androidx.profileinstaller:profileinstaller:1.4.0] AndroidManifest.xml:39:13-57
94            <intent-filter>
94-->[androidx.profileinstaller:profileinstaller:1.4.0] AndroidManifest.xml:40:13-42:29
95                <action android:name="androidx.profileinstaller.action.INSTALL_PROFILE" />
95-->[androidx.profileinstaller:profileinstaller:1.4.0] AndroidManifest.xml:41:17-91
95-->[androidx.profileinstaller:profileinstaller:1.4.0] AndroidManifest.xml:41:25-88
96            </intent-filter>
97            <intent-filter>
97-->[androidx.profileinstaller:profileinstaller:1.4.0] AndroidManifest.xml:43:13-45:29
98                <action android:name="androidx.profileinstaller.action.SKIP_FILE" />
98-->[androidx.profileinstaller:profileinstaller:1.4.0] AndroidManifest.xml:44:17-85
98-->[androidx.profileinstaller:profileinstaller:1.4.0] AndroidManifest.xml:44:25-82
99            </intent-filter>
100            <intent-filter>
100-->[androidx.profileinstaller:profileinstaller:1.4.0] AndroidManifest.xml:46:13-48:29
101                <action android:name="androidx.profileinstaller.action.SAVE_PROFILE" />
101-->[androidx.profileinstaller:profileinstaller:1.4.0] AndroidManifest.xml:47:17-88
101-->[androidx.profileinstaller:profileinstaller:1.4.0] AndroidManifest.xml:47:25-85
102            </intent-filter>
103            <intent-filter>
103-->[androidx.profileinstaller:profileinstaller:1.4.0] AndroidManifest.xml:49:13-51:29
104                <action android:name="androidx.profileinstaller.action.BENCHMARK_OPERATION" />
104-->[androidx.profileinstaller:profileinstaller:1.4.0] AndroidManifest.xml:50:17-95
104-->[androidx.profileinstaller:profileinstaller:1.4.0] AndroidManifest.xml:50:25-92
105            </intent-filter>
106        </receiver>
107    </application>
108
109</manifest>